<?xml version="1.0" encoding="UTF-8"?>
<!-- Generated by org.testng.reporters.JUnitXMLReporter -->
<testsuite ignored="0" hostname="LAPTOP-DI0Q8O11" failures="0" tests="4" name="Default test" time="2.195" errors="0" timestamp="2022-11-10T16:10:38 IST">
  <testcase classname="DataProvider.GetDataFromExcel" name="dataTest" time="1.364"/>
  <testcase classname="DataProvider.GetDataFromExcel" name="dataTest" time="0.087"/>
  <testcase classname="DataProvider.GetDataFromExcel" name="dataTest" time="0.082"/>
  <testcase classname="DataProvider.GetDataFromExcel" name="dataTest" time="0.098"/>
</testsuite> <!-- Default test -->
