<?xml version="1.0" encoding="UTF-8"?>
<testng-results ignored="0" total="4" passed="4" failed="0" skipped="0">
  <reporter-output>
  </reporter-output>
  <suite started-at="2022-11-10T16:10:36 IST" name="Default suite" finished-at="2022-11-10T16:10:38 IST" duration-ms="2195">
    <groups>
    </groups>
    <test started-at="2022-11-10T16:10:36 IST" name="Default test" finished-at="2022-11-10T16:10:38 IST" duration-ms="2195">
      <class name="DataProvider.GetDataFromExcel">
        <test-method signature="dataTest(java.lang.String,java.lang.String,java.lang.String,java.lang.String)[pri:0, instance:DataProvider.GetDataFromExcel@d86a6f]" started-at="2022-11-10T16:10:36 IST" name="dataTest" data-provider="getDataByExcel" finished-at="2022-11-10T16:10:38 IST" duration-ms="1364" status="PASS">
          <params>
            <param index="0">
              <value>
                <![CDATA[Anupp]]>
              </value>
            </param>
            <param index="1">
              <value>
                <![CDATA[LISM]]>
              </value>
            </param>
            <param index="2">
              <value>
                <![CDATA[passed]]>
              </value>
            </param>
            <param index="3">
              <value>
                <![CDATA[8]]>
              </value>
            </param>
          </params>
          <reporter-output>
          </reporter-output>
        </test-method> <!-- dataTest -->
        <test-method signature="dataTest(java.lang.String,java.lang.String,java.lang.String,java.lang.String)[pri:0, instance:DataProvider.GetDataFromExcel@d86a6f]" started-at="2022-11-10T16:10:38 IST" name="dataTest" data-provider="getDataByExcel" finished-at="2022-11-10T16:10:38 IST" duration-ms="87" status="PASS">
          <params>
            <param index="0">
              <value>
                <![CDATA[Sanu]]>
              </value>
            </param>
            <param index="1">
              <value>
                <![CDATA[HMS]]>
              </value>
            </param>
            <param index="2">
              <value>
                <![CDATA[ok]]>
              </value>
            </param>
            <param index="3">
              <value>
                <![CDATA[90]]>
              </value>
            </param>
          </params>
          <reporter-output>
          </reporter-output>
        </test-method> <!-- dataTest -->
        <test-method signature="dataTest(java.lang.String,java.lang.String,java.lang.String,java.lang.String)[pri:0, instance:DataProvider.GetDataFromExcel@d86a6f]" started-at="2022-11-10T16:10:38 IST" name="dataTest" data-provider="getDataByExcel" finished-at="2022-11-10T16:10:38 IST" duration-ms="82" status="PASS">
          <params>
            <param index="0">
              <value>
                <![CDATA[Meeth]]>
              </value>
            </param>
            <param index="1">
              <value>
                <![CDATA[ZMS]]>
              </value>
            </param>
            <param index="2">
              <value>
                <![CDATA[passed]]>
              </value>
            </param>
            <param index="3">
              <value>
                <![CDATA[50]]>
              </value>
            </param>
          </params>
          <reporter-output>
          </reporter-output>
        </test-method> <!-- dataTest -->
        <test-method signature="dataTest(java.lang.String,java.lang.String,java.lang.String,java.lang.String)[pri:0, instance:DataProvider.GetDataFromExcel@d86a6f]" started-at="2022-11-10T16:10:38 IST" name="dataTest" data-provider="getDataByExcel" finished-at="2022-11-10T16:10:38 IST" duration-ms="98" status="PASS">
          <params>
            <param index="0">
              <value>
                <![CDATA[Pappu]]>
              </value>
            </param>
            <param index="1">
              <value>
                <![CDATA[MBA]]>
              </value>
            </param>
            <param index="2">
              <value>
                <![CDATA[passed]]>
              </value>
            </param>
            <param index="3">
              <value>
                <![CDATA[99]]>
              </value>
            </param>
          </params>
          <reporter-output>
          </reporter-output>
        </test-method> <!-- dataTest -->
      </class> <!-- DataProvider.GetDataFromExcel -->
    </test> <!-- Default test -->
  </suite> <!-- Default suite -->
</testng-results>
