<?xml version="1.0" encoding="UTF-8"?>
<testng-results ignored="0" total="1" passed="1" failed="0" skipped="0">
  <reporter-output>
  </reporter-output>
  <suite started-at="2022-11-04T18:06:44 IST" name="Default suite" finished-at="2022-11-04T18:06:45 IST" duration-ms="1505">
    <groups>
    </groups>
    <test started-at="2022-11-04T18:06:44 IST" name="Default test" finished-at="2022-11-04T18:06:45 IST" duration-ms="1505">
      <class name="CrudOperationWithoutBDDApproach.NegativeTestCase1">
        <test-method signature="negativetestcase()[pri:0, instance:CrudOperationWithoutBDDApproach.NegativeTestCase1@5a45133e]" started-at="2022-11-04T18:06:44 IST" name="negativetestcase" finished-at="2022-11-04T18:06:45 IST" duration-ms="1474" status="PASS">
          <reporter-output>
          </reporter-output>
        </test-method> <!-- negativetestcase -->
      </class> <!-- CrudOperationWithoutBDDApproach.NegativeTestCase1 -->
    </test> <!-- Default test -->
  </suite> <!-- Default suite -->
</testng-results>
